[10:04:53] - Job 0 - Prioridad 1 - CREADO
[10:04:53] - Job 0 - Prioridad 1 - EN_COLA
[10:04:53] - Job 1 - Prioridad 1 - CREADO
[10:04:53] - Job 1 - Prioridad 1 - EN_COLA
[10:04:53] - Job 2 - Prioridad 0 - CREADO
[10:04:53] - Job 2 - Prioridad 0 - EN_COLA
[10:04:53] - Job 3 - Prioridad 0 - CREADO
[10:04:54] - Job 3 - Prioridad 0 - EN_COLA
[10:04:54] - Job 4 - Prioridad 1 - CREADO
[10:04:54] - Job 4 - Prioridad 1 - EN_COLA
[10:04:54] - Job 5 - Prioridad 0 - CREADO
[10:04:54] - Job 5 - Prioridad 0 - EN_COLA
[10:04:54] - Job 6 - Prioridad 0 - CREADO
[10:04:54] - Job 6 - Prioridad 0 - EN_COLA
[10:04:54] - Job 7 - Prioridad 0 - CREADO
[10:04:54] - Job 7 - Prioridad 0 - EN_COLA
[10:04:54] - Job 8 - Prioridad 0 - CREADO
[10:04:54] - Job 8 - Prioridad 0 - EN_COLA
[10:04:54] - Job 9 - Prioridad 0 - CREADO
[10:04:54] - Job 9 - Prioridad 0 - EN_COLA
[10:04:54] - Job 10 - Prioridad 1 - CREADO
[10:04:54] - Job 10 - Prioridad 1 - EN_COLA
[10:04:54] - Job 11 - Prioridad 1 - CREADO
[10:04:54] - Job 11 - Prioridad 1 - EN_COLA
[10:04:54] - Job 12 - Prioridad 0 - CREADO
[10:04:55] - Job 12 - Prioridad 0 - EN_COLA
[10:04:55] - Job 13 - Prioridad 0 - CREADO
[10:04:55] - Job 13 - Prioridad 0 - EN_COLA
[10:04:55] - Job 14 - Prioridad 1 - CREADO
[10:04:55] - Job 14 - Prioridad 1 - EN_COLA
[10:04:55] - Job 15 - Prioridad 0 - CREADO
[10:04:55] - Job 15 - Prioridad 0 - EN_COLA
[10:04:55] - Job 16 - Prioridad 0 - CREADO
[10:04:55] - Job 16 - Prioridad 0 - EN_COLA
[10:04:55] - Job 17 - Prioridad 0 - CREADO
[10:04:55] - Job 17 - Prioridad 0 - EN_COLA
[10:04:55] - Job 18 - Prioridad 0 - CREADO
[10:04:55] - Job 18 - Prioridad 0 - EN_COLA
[10:04:55] - Job 19 - Prioridad 0 - CREADO
[10:04:55] - Job 19 - Prioridad 0 - EN_COLA
[10:04:55] - Job 20 - Prioridad 1 - CREADO
[10:04:55] - Job 20 - Prioridad 1 - EN_COLA
[10:04:55] - Job 21 - Prioridad 1 - CREADO
[10:04:56] - Job 21 - Prioridad 1 - EN_COLA
[10:04:56] - Job 22 - Prioridad 0 - CREADO
[10:04:56] - Job 22 - Prioridad 0 - EN_COLA
[10:04:56] - Job 23 - Prioridad 0 - CREADO
[10:04:56] - Job 23 - Prioridad 0 - EN_COLA
[10:04:56] - Job 24 - Prioridad 1 - CREADO
[10:04:56] - Job 0 - Prioridad 1 - ASIGNADO_VRAM
[10:04:56] - Job 24 - Prioridad 1 - EN_COLA
[10:04:56] - Job 25 - Prioridad 0 - CREADO
[10:04:56] - Job 25 - Prioridad 0 - EN_COLA
[10:04:56] - Job 26 - Prioridad 0 - CREADO
[10:04:56] - Job 26 - Prioridad 0 - EN_COLA
[10:04:56] - Job 27 - Prioridad 0 - CREADO
[10:04:56] - Job 27 - Prioridad 0 - EN_COLA
[10:04:56] - Job 28 - Prioridad 0 - CREADO
[10:04:56] - Job 1 - Prioridad 1 - ASIGNADO_VRAM
[10:04:56] - Job 28 - Prioridad 0 - EN_COLA
[10:04:56] - Job 29 - Prioridad 0 - CREADO
[10:04:56] - Job 29 - Prioridad 0 - EN_COLA
[10:04:56] - Job 0 - Prioridad 1 - FINALIZADO
[10:04:57] - Job 1 - Prioridad 1 - FINALIZADO
[10:04:57] - Job 4 - Prioridad 1 - ASIGNADO_VRAM
[10:04:57] - Job 4 - Prioridad 1 - FINALIZADO
[10:04:58] - Job 11 - Prioridad 1 - ASIGNADO_VRAM
[10:04:58] - Job 10 - Prioridad 1 - ASIGNADO_VRAM
[10:04:58] - Job 11 - Prioridad 1 - FINALIZADO
[10:04:59] - Job 2 - Prioridad 0 - AGING ACTIVADO
[10:04:59] - Job 3 - Prioridad 0 - AGING ACTIVADO
[10:04:59] - Job 10 - Prioridad 1 - FINALIZADO
[10:04:59] - Job 2 - Prioridad 0 - ASIGNADO_VRAM
[10:05:00] - Job 3 - Prioridad 0 - ASIGNADO_VRAM
[10:05:00] - Job 2 - Prioridad 0 - FINALIZADO
[10:05:00] - Job 5 - Prioridad 0 - AGING ACTIVADO
[10:05:00] - Job 6 - Prioridad 0 - AGING ACTIVADO
[10:05:00] - Job 3 - Prioridad 0 - FINALIZADO
[10:05:01] - Job 5 - Prioridad 0 - ASIGNADO_VRAM
[10:05:01] - Job 6 - Prioridad 0 - ASIGNADO_VRAM
[10:05:01] - Job 5 - Prioridad 0 - FINALIZADO
[10:05:01] - Job 7 - Prioridad 0 - AGING ACTIVADO
[10:05:02] - Job 8 - Prioridad 0 - AGING ACTIVADO
[10:05:02] - Job 6 - Prioridad 0 - FINALIZADO
[10:05:02] - Job 7 - Prioridad 0 - ASIGNADO_VRAM
[10:05:03] - Job 8 - Prioridad 0 - ASIGNADO_VRAM
[10:05:03] - Job 7 - Prioridad 0 - FINALIZADO
[10:05:03] - Job 9 - Prioridad 0 - AGING ACTIVADO
[10:05:03] - Job 12 - Prioridad 0 - AGING ACTIVADO
[10:05:03] - Job 8 - Prioridad 0 - FINALIZADO
[10:05:04] - Job 9 - Prioridad 0 - ASIGNADO_VRAM
[10:05:04] - Job 12 - Prioridad 0 - ASIGNADO_VRAM
[10:05:04] - Job 9 - Prioridad 0 - FINALIZADO
[10:05:04] - Job 13 - Prioridad 0 - AGING ACTIVADO
[10:05:05] - Job 15 - Prioridad 0 - AGING ACTIVADO
[10:05:05] - Job 12 - Prioridad 0 - FINALIZADO
[10:05:05] - Job 13 - Prioridad 0 - ASIGNADO_VRAM
[10:05:06] - Job 15 - Prioridad 0 - ASIGNADO_VRAM
[10:05:06] - Job 13 - Prioridad 0 - FINALIZADO
[10:05:06] - Job 16 - Prioridad 0 - AGING ACTIVADO
[10:05:06] - Job 17 - Prioridad 0 - AGING ACTIVADO
[10:05:06] - Job 15 - Prioridad 0 - FINALIZADO
[10:05:07] - Job 16 - Prioridad 0 - ASIGNADO_VRAM
[10:05:07] - Job 17 - Prioridad 0 - ASIGNADO_VRAM
[10:05:07] - Job 16 - Prioridad 0 - FINALIZADO
[10:05:07] - Job 18 - Prioridad 0 - AGING ACTIVADO
[10:05:08] - Job 19 - Prioridad 0 - AGING ACTIVADO
[10:05:08] - Job 17 - Prioridad 0 - FINALIZADO
[10:05:08] - Job 18 - Prioridad 0 - ASIGNADO_VRAM
[10:05:08] - Job 19 - Prioridad 0 - ASIGNADO_VRAM
[10:05:09] - Job 18 - Prioridad 0 - FINALIZADO
[10:05:09] - Job 22 - Prioridad 0 - AGING ACTIVADO
[10:05:09] - Job 23 - Prioridad 0 - AGING ACTIVADO
[10:05:09] - Job 19 - Prioridad 0 - FINALIZADO
[10:05:09] - Job 22 - Prioridad 0 - ASIGNADO_VRAM
[10:05:10] - Job 23 - Prioridad 0 - ASIGNADO_VRAM
[10:05:10] - Job 22 - Prioridad 0 - FINALIZADO
[10:05:10] - Job 25 - Prioridad 0 - AGING ACTIVADO
[10:05:10] - Job 26 - Prioridad 0 - AGING ACTIVADO
[10:05:11] - Job 23 - Prioridad 0 - FINALIZADO
[10:05:11] - Job 25 - Prioridad 0 - ASIGNADO_VRAM
[10:05:11] - Job 26 - Prioridad 0 - ASIGNADO_VRAM
[10:05:11] - Job 25 - Prioridad 0 - FINALIZADO
[10:05:12] - Job 27 - Prioridad 0 - AGING ACTIVADO
[10:05:12] - Job 28 - Prioridad 0 - AGING ACTIVADO
[10:05:12] - Job 26 - Prioridad 0 - FINALIZADO
[10:05:12] - Job 27 - Prioridad 0 - ASIGNADO_VRAM
[10:05:13] - Job 28 - Prioridad 0 - ASIGNADO_VRAM
[10:05:13] - Job 27 - Prioridad 0 - FINALIZADO
[10:05:13] - Job 29 - Prioridad 0 - AGING ACTIVADO
[10:05:13] - Job 28 - Prioridad 0 - FINALIZADO
[10:05:14] - Job 14 - Prioridad 1 - ASIGNADO_VRAM
[10:05:14] - Job 29 - Prioridad 0 - ASIGNADO_VRAM
[10:05:14] - Job 14 - Prioridad 1 - FINALIZADO
[10:05:15] - Job 29 - Prioridad 0 - FINALIZADO
[10:05:15] - Job 20 - Prioridad 1 - ASIGNADO_VRAM
[10:05:16] - Job 20 - Prioridad 1 - FINALIZADO
[10:05:16] - Job 21 - Prioridad 1 - ASIGNADO_VRAM
[10:05:16] - Job 21 - Prioridad 1 - FINALIZADO
[10:05:16] - Job 24 - Prioridad 1 - ASIGNADO_VRAM
[10:05:17] - Job 24 - Prioridad 1 - FINALIZADO
[10:11:23] - Job 0 - Prio 1 - CREADO
[10:11:23] - Job 0 - Prio 1 - EN_COLA
[10:11:23] - Job 1 - Prio 1 - CREADO
[10:11:23] - Job 1 - Prio 1 - EN_COLA
[10:11:23] - Job 2 - Prio 1 - CREADO
[10:11:23] - Job 2 - Prio 1 - EN_COLA
[10:11:23] - Job 0 - Prio 1 - ASIGNADO_VRAM
[10:11:23] - Job 3 - Prio 1 - CREADO
[10:11:23] - Job 3 - Prio 1 - EN_COLA
[10:11:23] - Job 4 - Prio 1 - CREADO
[10:11:23] - Job 4 - Prio 1 - EN_COLA
[10:11:23] - Job 5 - Prio 1 - CREADO
[10:11:23] - Job 5 - Prio 1 - EN_COLA
[10:11:23] - Job 7 - Prio 0 - CREADO
[10:11:23] - Job 7 - Prio 0 - EN_COLA
[10:11:23] - Job 6 - Prio 0 - CREADO
[10:11:23] - Job 6 - Prio 0 - EN_COLA
[10:11:23] - Job 8 - Prio 0 - CREADO
[10:11:23] - Job 8 - Prio 0 - EN_COLA
[10:11:23] - Job 9 - Prio 0 - CREADO
[10:11:23] - Job 9 - Prio 0 - EN_COLA
[10:11:23] - Job 10 - Prio 0 - CREADO
[10:11:23] - Job 10 - Prio 0 - EN_COLA
[10:11:23] - Job 11 - Prio 0 - CREADO
[10:11:23] - Job 11 - Prio 0 - EN_COLA
[10:11:23] - Job 12 - Prio 1 - CREADO
[10:11:23] - Job 12 - Prio 1 - EN_COLA
[10:11:23] - Job 13 - Prio 1 - CREADO
[10:11:23] - Job 13 - Prio 1 - EN_COLA
[10:11:23] - Job 14 - Prio 1 - CREADO
[10:11:23] - Job 14 - Prio 1 - EN_COLA
[10:11:23] - Job 16 - Prio 0 - CREADO
[10:11:23] - Job 16 - Prio 0 - EN_COLA
[10:11:23] - Job 15 - Prio 0 - CREADO
[10:11:23] - Job 15 - Prio 0 - EN_COLA
[10:11:23] - Job 17 - Prio 0 - CREADO
[10:11:23] - Job 17 - Prio 0 - EN_COLA
[10:11:23] - Job 18 - Prio 0 - CREADO
[10:11:23] - Job 18 - Prio 0 - EN_COLA
[10:11:23] - Job 19 - Prio 0 - CREADO
[10:11:23] - Job 19 - Prio 0 - EN_COLA
[10:11:23] - Job 20 - Prio 0 - CREADO
[10:11:23] - Job 20 - Prio 0 - EN_COLA
[10:11:23] - Job 21 - Prio 0 - CREADO
[10:11:23] - Job 21 - Prio 0 - EN_COLA
[10:11:23] - Job 22 - Prio 0 - CREADO
[10:11:23] - Job 22 - Prio 0 - EN_COLA
[10:11:23] - Job 23 - Prio 0 - CREADO
[10:11:23] - Job 23 - Prio 0 - EN_COLA
[10:11:23] - Job 24 - Prio 0 - CREADO
[10:11:23] - Job 24 - Prio 0 - EN_COLA
[10:11:23] - Job 25 - Prio 0 - CREADO
[10:11:23] - Job 25 - Prio 0 - EN_COLA
[10:11:23] - Job 26 - Prio 0 - CREADO
[10:11:23] - Job 26 - Prio 0 - EN_COLA
[10:11:24] - Job 27 - Prio 0 - CREADO
[10:11:24] - Job 27 - Prio 0 - EN_COLA
[10:11:24] - Job 28 - Prio 0 - CREADO
[10:11:24] - Job 28 - Prio 0 - EN_COLA
[10:11:24] - Job 29 - Prio 0 - CREADO
[10:11:24] - Job 29 - Prio 0 - EN_COLA
[10:11:24] - Job 31 - Prio 1 - CREADO
[10:11:24] - Job 31 - Prio 1 - EN_COLA
[10:11:24] - Job 30 - Prio 1 - CREADO
[10:11:24] - Job 30 - Prio 1 - EN_COLA
[10:11:24] - Job 0 - Prio 1 - FINALIZADO
[10:11:24] - Job 32 - Prio 1 - CREADO
[10:11:24] - Job 32 - Prio 1 - EN_COLA
[10:11:24] - Job 33 - Prio 1 - CREADO
[10:11:24] - Job 33 - Prio 1 - EN_COLA
[10:11:24] - Job 34 - Prio 1 - CREADO
[10:11:24] - Job 34 - Prio 1 - EN_COLA
[10:11:24] - Job 35 - Prio 1 - CREADO
[10:11:24] - Job 35 - Prio 1 - EN_COLA
[10:11:24] - Job 36 - Prio 1 - CREADO
[10:11:24] - Job 36 - Prio 1 - EN_COLA
[10:11:24] - Job 37 - Prio 1 - CREADO
[10:11:24] - Job 37 - Prio 1 - EN_COLA
[10:11:24] - Job 38 - Prio 1 - CREADO
[10:11:24] - Job 38 - Prio 1 - EN_COLA
[10:11:24] - Job 1 - Prio 1 - ASIGNADO_VRAM
[10:11:24] - Job 39 - Prio 1 - CREADO
[10:11:24] - Job 39 - Prio 1 - EN_COLA
[10:11:24] - Job 40 - Prio 1 - CREADO
[10:11:24] - Job 40 - Prio 1 - EN_COLA
[10:11:24] - Job 41 - Prio 1 - CREADO
[10:11:24] - Job 41 - Prio 1 - EN_COLA
[10:11:24] - Job 42 - Prio 1 - CREADO
[10:11:24] - Job 42 - Prio 1 - EN_COLA
[10:11:24] - Job 43 - Prio 1 - CREADO
[10:11:24] - Job 43 - Prio 1 - EN_COLA
[10:11:24] - Job 44 - Prio 1 - CREADO
[10:11:24] - Job 44 - Prio 1 - EN_COLA
[10:11:25] - Job 1 - Prio 1 - FINALIZADO
[10:11:25] - Job 2 - Prio 1 - ASIGNADO_VRAM
[10:11:26] - Job 2 - Prio 1 - FINALIZADO
[10:11:27] - Job 3 - Prio 1 - ASIGNADO_VRAM
[10:11:28] - Job 3 - Prio 1 - FINALIZADO
[10:11:28] - Job 7 - Prio 0 - RESCATE_INANICION
[10:11:28] - Job 7 - Prio 0 - ASIGNADO_VRAM
[10:11:29] - Job 7 - Prio 0 - FINALIZADO
[10:11:29] - Job 6 - Prio 0 - RESCATE_INANICION
[10:11:29] - Job 6 - Prio 0 - ASIGNADO_VRAM
[10:11:30] - Job 6 - Prio 0 - FINALIZADO
[10:11:31] - Job 8 - Prio 0 - RESCATE_INANICION
[10:11:31] - Job 8 - Prio 0 - ASIGNADO_VRAM
[10:11:32] - Job 8 - Prio 0 - FINALIZADO
[10:11:32] - Job 9 - Prio 0 - RESCATE_INANICION
[10:11:32] - Job 9 - Prio 0 - ASIGNADO_VRAM
[10:11:33] - Job 9 - Prio 0 - FINALIZADO
[10:11:33] - Job 10 - Prio 0 - RESCATE_INANICION
[10:11:33] - Job 10 - Prio 0 - ASIGNADO_VRAM
[10:11:34] - Job 10 - Prio 0 - FINALIZADO
[10:11:35] - Job 11 - Prio 0 - RESCATE_INANICION
[10:11:35] - Job 11 - Prio 0 - ASIGNADO_VRAM
[10:11:36] - Job 11 - Prio 0 - FINALIZADO
[10:11:36] - Job 16 - Prio 0 - RESCATE_INANICION
[10:11:36] - Job 16 - Prio 0 - ASIGNADO_VRAM
[10:11:37] - Job 16 - Prio 0 - FINALIZADO
[10:11:37] - Job 15 - Prio 0 - RESCATE_INANICION
[10:11:37] - Job 15 - Prio 0 - ASIGNADO_VRAM
[10:11:38] - Job 15 - Prio 0 - FINALIZADO
[10:11:39] - Job 17 - Prio 0 - RESCATE_INANICION
[10:11:39] - Job 17 - Prio 0 - ASIGNADO_VRAM
[10:11:40] - Job 17 - Prio 0 - FINALIZADO
[10:11:40] - Job 18 - Prio 0 - RESCATE_INANICION
[10:11:40] - Job 18 - Prio 0 - ASIGNADO_VRAM
[10:11:41] - Job 18 - Prio 0 - FINALIZADO
[10:11:41] - Job 19 - Prio 0 - RESCATE_INANICION
[10:11:41] - Job 19 - Prio 0 - ASIGNADO_VRAM
[10:11:42] - Job 19 - Prio 0 - FINALIZADO
[10:11:43] - Job 20 - Prio 0 - RESCATE_INANICION
[10:11:43] - Job 20 - Prio 0 - ASIGNADO_VRAM
[10:11:44] - Job 20 - Prio 0 - FINALIZADO
[10:11:44] - Job 21 - Prio 0 - RESCATE_INANICION
[10:11:44] - Job 21 - Prio 0 - ASIGNADO_VRAM
[10:11:45] - Job 21 - Prio 0 - FINALIZADO
[10:11:45] - Job 22 - Prio 0 - RESCATE_INANICION
[10:11:45] - Job 22 - Prio 0 - ASIGNADO_VRAM
[10:11:46] - Job 22 - Prio 0 - FINALIZADO
[10:11:47] - Job 23 - Prio 0 - RESCATE_INANICION
[10:11:47] - Job 23 - Prio 0 - ASIGNADO_VRAM
[10:11:48] - Job 23 - Prio 0 - FINALIZADO
[10:11:48] - Job 24 - Prio 0 - RESCATE_INANICION
[10:11:48] - Job 24 - Prio 0 - ASIGNADO_VRAM
[10:11:49] - Job 24 - Prio 0 - FINALIZADO
[10:11:49] - Job 25 - Prio 0 - RESCATE_INANICION
[10:11:49] - Job 25 - Prio 0 - ASIGNADO_VRAM
[10:11:50] - Job 25 - Prio 0 - FINALIZADO
[10:11:51] - Job 26 - Prio 0 - RESCATE_INANICION
[10:11:51] - Job 26 - Prio 0 - ASIGNADO_VRAM
[10:11:52] - Job 26 - Prio 0 - FINALIZADO
[10:11:52] - Job 27 - Prio 0 - RESCATE_INANICION
[10:11:52] - Job 27 - Prio 0 - ASIGNADO_VRAM
[10:11:53] - Job 27 - Prio 0 - FINALIZADO
[10:11:53] - Job 28 - Prio 0 - RESCATE_INANICION
[10:11:53] - Job 28 - Prio 0 - ASIGNADO_VRAM
[10:11:54] - Job 28 - Prio 0 - FINALIZADO
[10:11:54] - Job 29 - Prio 0 - RESCATE_INANICION
[10:11:55] - Job 29 - Prio 0 - ASIGNADO_VRAM
[10:11:56] - Job 29 - Prio 0 - FINALIZADO
[10:11:56] - Job 4 - Prio 1 - ASIGNADO_VRAM
[10:11:57] - Job 4 - Prio 1 - FINALIZADO
[10:11:57] - Job 5 - Prio 1 - ASIGNADO_VRAM
[10:11:58] - Job 5 - Prio 1 - FINALIZADO
[10:11:58] - Job 12 - Prio 1 - ASIGNADO_VRAM
[10:12:00] - Job 12 - Prio 1 - FINALIZADO
[10:12:00] - Job 13 - Prio 1 - ASIGNADO_VRAM
[10:12:01] - Job 13 - Prio 1 - FINALIZADO
[10:12:01] - Job 14 - Prio 1 - ASIGNADO_VRAM
[10:12:02] - Job 14 - Prio 1 - FINALIZADO
[10:12:02] - Job 31 - Prio 1 - ASIGNADO_VRAM
[10:12:04] - Job 31 - Prio 1 - FINALIZADO
[10:12:04] - Job 30 - Prio 1 - ASIGNADO_VRAM
[10:12:05] - Job 30 - Prio 1 - FINALIZADO
[10:12:05] - Job 32 - Prio 1 - ASIGNADO_VRAM
[10:12:06] - Job 32 - Prio 1 - FINALIZADO
[10:12:06] - Job 33 - Prio 1 - ASIGNADO_VRAM
[10:12:08] - Job 33 - Prio 1 - FINALIZADO
[10:12:08] - Job 34 - Prio 1 - ASIGNADO_VRAM
[10:12:09] - Job 34 - Prio 1 - FINALIZADO
[10:12:09] - Job 35 - Prio 1 - ASIGNADO_VRAM
[10:12:10] - Job 35 - Prio 1 - FINALIZADO
[10:12:10] - Job 36 - Prio 1 - ASIGNADO_VRAM
[10:12:12] - Job 36 - Prio 1 - FINALIZADO
[10:12:12] - Job 37 - Prio 1 - ASIGNADO_VRAM
[10:12:13] - Job 37 - Prio 1 - FINALIZADO
[10:12:13] - Job 38 - Prio 1 - ASIGNADO_VRAM
[10:12:14] - Job 38 - Prio 1 - FINALIZADO
[10:12:14] - Job 39 - Prio 1 - ASIGNADO_VRAM
[10:12:16] - Job 39 - Prio 1 - FINALIZADO
[10:12:16] - Job 40 - Prio 1 - ASIGNADO_VRAM
[10:12:17] - Job 40 - Prio 1 - FINALIZADO
[10:12:17] - Job 41 - Prio 1 - ASIGNADO_VRAM
[10:12:18] - Job 41 - Prio 1 - FINALIZADO
[10:12:18] - Job 42 - Prio 1 - ASIGNADO_VRAM
[10:12:19] - Job 42 - Prio 1 - FINALIZADO
[10:12:20] - Job 43 - Prio 1 - ASIGNADO_VRAM
[10:12:21] - Job 43 - Prio 1 - FINALIZADO
[10:12:21] - Job 44 - Prio 1 - ASIGNADO_VRAM
[10:12:22] - Job 44 - Prio 1 - FINALIZADO
[10:49:12] - Job 1 - Prio 1 - CREADO
[10:49:12] - Job 1 - Prio 1 - EN_COLA
[10:49:12] - Job 0 - Prio 1 - CREADO
[10:49:12] - Job 0 - Prio 1 - EN_COLA
[10:49:12] - Job 2 - Prio 1 - CREADO
[10:49:12] - Job 2 - Prio 1 - EN_COLA
[10:49:12] - Job 1 - Prio 1 - ASIGNADO_VRAM
[10:49:12] - Job 4 - Prio 1 - CREADO
[10:49:12] - Job 4 - Prio 1 - EN_COLA
[10:49:12] - Job 3 - Prio 1 - CREADO
[10:49:12] - Job 3 - Prio 1 - EN_COLA
[10:49:12] - Job 5 - Prio 1 - CREADO
[10:49:12] - Job 5 - Prio 1 - EN_COLA
[10:49:12] - Job 6 - Prio 0 - CREADO
[10:49:12] - Job 6 - Prio 0 - EN_COLA
[10:49:12] - Job 7 - Prio 0 - CREADO
[10:49:12] - Job 7 - Prio 0 - EN_COLA
[10:49:12] - Job 8 - Prio 0 - CREADO
[10:49:12] - Job 8 - Prio 0 - EN_COLA
[10:49:12] - Job 10 - Prio 0 - CREADO
[10:49:12] - Job 10 - Prio 0 - EN_COLA
[10:49:12] - Job 11 - Prio 0 - CREADO
[10:49:12] - Job 11 - Prio 0 - EN_COLA
[10:49:12] - Job 9 - Prio 0 - CREADO
[10:49:12] - Job 9 - Prio 0 - EN_COLA
[10:49:12] - Job 12 - Prio 1 - CREADO
[10:49:12] - Job 12 - Prio 1 - EN_COLA
[10:49:12] - Job 14 - Prio 1 - CREADO
[10:49:12] - Job 14 - Prio 1 - EN_COLA
[10:49:12] - Job 13 - Prio 1 - CREADO
[10:49:12] - Job 13 - Prio 1 - EN_COLA
[10:49:12] - Job 15 - Prio 0 - CREADO
[10:49:12] - Job 15 - Prio 0 - EN_COLA
[10:49:12] - Job 16 - Prio 0 - CREADO
[10:49:12] - Job 16 - Prio 0 - EN_COLA
[10:49:12] - Job 17 - Prio 0 - CREADO
[10:49:12] - Job 17 - Prio 0 - EN_COLA
[10:49:12] - Job 18 - Prio 0 - CREADO
[10:49:12] - Job 18 - Prio 0 - EN_COLA
[10:49:12] - Job 19 - Prio 0 - CREADO
[10:49:12] - Job 19 - Prio 0 - EN_COLA
[10:49:12] - Job 20 - Prio 0 - CREADO
[10:49:12] - Job 20 - Prio 0 - EN_COLA
[10:49:12] - Job 21 - Prio 0 - CREADO
[10:49:12] - Job 21 - Prio 0 - EN_COLA
[10:49:12] - Job 22 - Prio 0 - CREADO
[10:49:12] - Job 22 - Prio 0 - EN_COLA
[10:49:12] - Job 23 - Prio 0 - CREADO
[10:49:12] - Job 23 - Prio 0 - EN_COLA
[10:49:13] - Job 24 - Prio 0 - CREADO
[10:49:13] - Job 24 - Prio 0 - EN_COLA
[10:49:13] - Job 25 - Prio 0 - CREADO
[10:49:13] - Job 25 - Prio 0 - EN_COLA
[10:49:13] - Job 26 - Prio 0 - CREADO
[10:49:13] - Job 26 - Prio 0 - EN_COLA
[10:49:13] - Job 27 - Prio 0 - CREADO
[10:49:13] - Job 27 - Prio 0 - EN_COLA
[10:49:13] - Job 28 - Prio 0 - CREADO
[10:49:13] - Job 28 - Prio 0 - EN_COLA
[10:49:13] - Job 29 - Prio 0 - CREADO
[10:49:13] - Job 29 - Prio 0 - EN_COLA
[10:49:13] - Job 1 - Prio 1 - FINALIZADO
[10:49:13] - Job 30 - Prio 1 - CREADO
[10:49:13] - Job 30 - Prio 1 - EN_COLA
[10:49:13] - Job 31 - Prio 1 - CREADO
[10:49:13] - Job 31 - Prio 1 - EN_COLA
[10:49:13] - Job 32 - Prio 1 - CREADO
[10:49:13] - Job 32 - Prio 1 - EN_COLA
[10:49:13] - Job 33 - Prio 1 - CREADO
[10:49:13] - Job 33 - Prio 1 - EN_COLA
[10:49:13] - Job 34 - Prio 1 - CREADO
[10:49:13] - Job 34 - Prio 1 - EN_COLA
[10:49:13] - Job 35 - Prio 1 - CREADO
[10:49:13] - Job 35 - Prio 1 - EN_COLA
[10:49:13] - Job 37 - Prio 1 - CREADO
[10:49:13] - Job 37 - Prio 1 - EN_COLA
[10:49:13] - Job 36 - Prio 1 - CREADO
[10:49:13] - Job 36 - Prio 1 - EN_COLA
[10:49:13] - Job 38 - Prio 1 - CREADO
[10:49:13] - Job 38 - Prio 1 - EN_COLA
[10:49:13] - Job 0 - Prio 1 - ASIGNADO_VRAM
[10:49:13] - Job 39 - Prio 1 - CREADO
[10:49:13] - Job 39 - Prio 1 - EN_COLA
[10:49:13] - Job 40 - Prio 1 - CREADO
[10:49:13] - Job 40 - Prio 1 - EN_COLA
[10:49:13] - Job 41 - Prio 1 - CREADO
[10:49:13] - Job 41 - Prio 1 - EN_COLA
[10:49:13] - Job 43 - Prio 1 - CREADO
[10:49:13] - Job 43 - Prio 1 - EN_COLA
[10:49:13] - Job 42 - Prio 1 - CREADO
[10:49:13] - Job 42 - Prio 1 - EN_COLA
[10:49:13] - Job 44 - Prio 1 - CREADO
[10:49:13] - Job 44 - Prio 1 - EN_COLA
[10:49:14] - Job 0 - Prio 1 - FINALIZADO
[10:49:14] - Job 2 - Prio 1 - ASIGNADO_VRAM
[10:49:15] - Job 2 - Prio 1 - FINALIZADO
[10:49:16] - Job 4 - Prio 1 - ASIGNADO_VRAM
[10:49:17] - Job 4 - Prio 1 - FINALIZADO
[10:49:17] - Job 6 - Prio 0 - RESCATE_INANICION
[10:49:17] - Job 6 - Prio 0 - ASIGNADO_VRAM
[10:49:18] - Job 6 - Prio 0 - FINALIZADO
[10:49:18] - Job 7 - Prio 0 - RESCATE_INANICION
[10:49:18] - Job 7 - Prio 0 - ASIGNADO_VRAM
[10:49:19] - Job 7 - Prio 0 - FINALIZADO
[10:49:20] - Job 8 - Prio 0 - RESCATE_INANICION
[10:49:20] - Job 8 - Prio 0 - ASIGNADO_VRAM
[10:49:21] - Job 8 - Prio 0 - FINALIZADO
[10:49:21] - Job 10 - Prio 0 - RESCATE_INANICION
[10:49:21] - Job 10 - Prio 0 - ASIGNADO_VRAM
[10:49:22] - Job 10 - Prio 0 - FINALIZADO
[10:49:22] - Job 11 - Prio 0 - RESCATE_INANICION
[10:49:22] - Job 11 - Prio 0 - ASIGNADO_VRAM
[10:49:23] - Job 11 - Prio 0 - FINALIZADO
[10:49:24] - Job 9 - Prio 0 - RESCATE_INANICION
[10:49:24] - Job 9 - Prio 0 - ASIGNADO_VRAM
[10:49:25] - Job 9 - Prio 0 - FINALIZADO
[10:49:25] - Job 15 - Prio 0 - RESCATE_INANICION
[10:49:25] - Job 15 - Prio 0 - ASIGNADO_VRAM
[10:49:26] - Job 15 - Prio 0 - FINALIZADO
[10:49:26] - Job 16 - Prio 0 - RESCATE_INANICION
[10:49:26] - Job 16 - Prio 0 - ASIGNADO_VRAM
[10:49:27] - Job 16 - Prio 0 - FINALIZADO
[10:49:28] - Job 17 - Prio 0 - RESCATE_INANICION
[10:49:28] - Job 17 - Prio 0 - ASIGNADO_VRAM
[10:49:29] - Job 17 - Prio 0 - FINALIZADO
[10:49:29] - Job 18 - Prio 0 - RESCATE_INANICION
[10:49:29] - Job 18 - Prio 0 - ASIGNADO_VRAM
[10:49:30] - Job 18 - Prio 0 - FINALIZADO
[10:49:30] - Job 19 - Prio 0 - RESCATE_INANICION
[10:49:30] - Job 19 - Prio 0 - ASIGNADO_VRAM
[10:49:31] - Job 19 - Prio 0 - FINALIZADO
[10:49:32] - Job 20 - Prio 0 - RESCATE_INANICION
[10:49:32] - Job 20 - Prio 0 - ASIGNADO_VRAM
[10:49:33] - Job 20 - Prio 0 - FINALIZADO
[10:49:33] - Job 21 - Prio 0 - RESCATE_INANICION
[10:49:33] - Job 21 - Prio 0 - ASIGNADO_VRAM
[10:49:34] - Job 21 - Prio 0 - FINALIZADO
[10:49:34] - Job 22 - Prio 0 - RESCATE_INANICION
[10:49:34] - Job 22 - Prio 0 - ASIGNADO_VRAM
[10:49:35] - Job 22 - Prio 0 - FINALIZADO
[10:49:36] - Job 23 - Prio 0 - RESCATE_INANICION
[10:49:36] - Job 23 - Prio 0 - ASIGNADO_VRAM
[10:49:37] - Job 23 - Prio 0 - FINALIZADO
[10:49:37] - Job 24 - Prio 0 - RESCATE_INANICION
[10:49:37] - Job 24 - Prio 0 - ASIGNADO_VRAM
[10:49:38] - Job 24 - Prio 0 - FINALIZADO
[10:49:38] - Job 25 - Prio 0 - RESCATE_INANICION
[10:49:38] - Job 25 - Prio 0 - ASIGNADO_VRAM
[10:49:39] - Job 25 - Prio 0 - FINALIZADO
[10:49:40] - Job 26 - Prio 0 - RESCATE_INANICION
[10:49:40] - Job 26 - Prio 0 - ASIGNADO_VRAM
[10:49:41] - Job 26 - Prio 0 - FINALIZADO
[10:49:41] - Job 27 - Prio 0 - RESCATE_INANICION
[10:49:41] - Job 27 - Prio 0 - ASIGNADO_VRAM
[10:49:42] - Job 27 - Prio 0 - FINALIZADO
[10:49:42] - Job 28 - Prio 0 - RESCATE_INANICION
[10:49:42] - Job 28 - Prio 0 - ASIGNADO_VRAM
[10:49:43] - Job 28 - Prio 0 - FINALIZADO
[10:49:44] - Job 29 - Prio 0 - RESCATE_INANICION
[10:49:44] - Job 29 - Prio 0 - ASIGNADO_VRAM
[10:49:45] - Job 29 - Prio 0 - FINALIZADO
[10:49:45] - Job 3 - Prio 1 - ASIGNADO_VRAM
[10:49:46] - Job 3 - Prio 1 - FINALIZADO
[10:49:46] - Job 5 - Prio 1 - ASIGNADO_VRAM
[10:49:47] - Job 5 - Prio 1 - FINALIZADO
[10:49:48] - Job 12 - Prio 1 - ASIGNADO_VRAM
[10:49:49] - Job 12 - Prio 1 - FINALIZADO
[10:49:49] - Job 14 - Prio 1 - ASIGNADO_VRAM
[10:49:50] - Job 14 - Prio 1 - FINALIZADO
[10:49:50] - Job 13 - Prio 1 - ASIGNADO_VRAM
[10:49:51] - Job 13 - Prio 1 - FINALIZADO
[10:49:52] - Job 30 - Prio 1 - ASIGNADO_VRAM
[10:49:53] - Job 30 - Prio 1 - FINALIZADO
[10:49:53] - Job 31 - Prio 1 - ASIGNADO_VRAM
[10:49:54] - Job 31 - Prio 1 - FINALIZADO
[10:49:54] - Job 32 - Prio 1 - ASIGNADO_VRAM
[10:49:55] - Job 32 - Prio 1 - FINALIZADO
[10:49:56] - Job 33 - Prio 1 - ASIGNADO_VRAM
[10:49:57] - Job 33 - Prio 1 - FINALIZADO
[10:49:57] - Job 34 - Prio 1 - ASIGNADO_VRAM
[10:49:58] - Job 34 - Prio 1 - FINALIZADO
[10:49:58] - Job 35 - Prio 1 - ASIGNADO_VRAM
[10:49:59] - Job 35 - Prio 1 - FINALIZADO
[10:50:00] - Job 37 - Prio 1 - ASIGNADO_VRAM
[10:50:01] - Job 37 - Prio 1 - FINALIZADO
[10:50:01] - Job 36 - Prio 1 - ASIGNADO_VRAM
[10:50:02] - Job 36 - Prio 1 - FINALIZADO
[10:50:02] - Job 38 - Prio 1 - ASIGNADO_VRAM
[10:50:03] - Job 38 - Prio 1 - FINALIZADO
[10:50:04] - Job 39 - Prio 1 - ASIGNADO_VRAM
[10:50:05] - Job 39 - Prio 1 - FINALIZADO
[10:50:05] - Job 40 - Prio 1 - ASIGNADO_VRAM
[10:50:06] - Job 40 - Prio 1 - FINALIZADO
[10:50:06] - Job 41 - Prio 1 - ASIGNADO_VRAM
[10:50:07] - Job 41 - Prio 1 - FINALIZADO
[10:50:08] - Job 43 - Prio 1 - ASIGNADO_VRAM
[10:50:09] - Job 43 - Prio 1 - FINALIZADO
[10:50:09] - Job 42 - Prio 1 - ASIGNADO_VRAM
[10:50:10] - Job 42 - Prio 1 - FINALIZADO
[10:50:10] - Job 44 - Prio 1 - ASIGNADO_VRAM
[10:50:11] - Job 44 - Prio 1 - FINALIZADO
